<?xml version="1.0" encoding="UTF-8"?>
<!-- Generated by org.testng.reporters.JUnitXMLReporter -->
<testsuite hostname="G14" ignored="0" name="AP004_Application" tests="3" failures="0" timestamp="21 May 2023 18:39:05 GMT" time="8.222" errors="0">
  <testcase name="CheckForgotPassword" time="0.088" classname="testngConcepts.AP004_Application"/>
  <testcase name="CheckNewAccButtonDisplayed" time="0.048" classname="testngConcepts.AP004_Application"/>
  <testcase name="verifyLoginbutton" time="0.048" classname="testngConcepts.AP004_Application"/>
</testsuite> <!-- AP004_Application -->
